f:\opengl\mygame\test\wpfunmanagedopengl\openglcsgame\debug\vc142.pdb
f:\opengl\mygame\test\wpfunmanagedopengl\openglcsgame\debug\vc142.idb
f:\opengl\mygame\test\wpfunmanagedopengl\openglcsgame\debug\glad.obj
f:\opengl\mygame\test\wpfunmanagedopengl\openglcsgame\debug\input.obj
f:\opengl\mygame\test\wpfunmanagedopengl\openglcsgame\debug\glstate.obj
f:\opengl\mygame\test\wpfunmanagedopengl\openglcsgame\debug\rendercommandqueue.obj
f:\opengl\mygame\test\wpfunmanagedopengl\openglcsgame\debug\glrender.obj
f:\opengl\mygame\test\wpfunmanagedopengl\openglcsgame\debug\light.obj
f:\opengl\mygame\test\wpfunmanagedopengl\openglcsgame\debug\rendercomponent.obj
f:\opengl\mygame\test\wpfunmanagedopengl\openglcsgame\debug\quad.obj
f:\opengl\mygame\test\wpfunmanagedopengl\openglcsgame\debug\mesh.obj
f:\opengl\mygame\test\wpfunmanagedopengl\openglcsgame\debug\transform.obj
f:\opengl\mygame\test\wpfunmanagedopengl\openglcsgame\debug\gameobjectdll.obj
f:\opengl\mygame\test\wpfunmanagedopengl\openglcsgame\debug\gameobject.obj
f:\opengl\mygame\test\wpfunmanagedopengl\openglcsgame\debug\eventcenter.obj
f:\opengl\mygame\test\wpfunmanagedopengl\openglcsgame\debug\cube.obj
f:\opengl\mygame\test\wpfunmanagedopengl\openglcsgame\debug\movecomponent.obj
f:\opengl\mygame\test\wpfunmanagedopengl\openglcsgame\debug\modelcomponent.obj
f:\opengl\mygame\test\wpfunmanagedopengl\openglcsgame\debug\cubemeshcomponent.obj
f:\opengl\mygame\test\wpfunmanagedopengl\openglcsgame\debug\componentdll.obj
f:\opengl\mygame\test\wpfunmanagedopengl\openglcsgame\debug\component.obj
f:\opengl\mygame\test\wpfunmanagedopengl\openglcsgame\debug\cameracomponent.obj
f:\opengl\mygame\test\wpfunmanagedopengl\openglcsgame\debug\camera.obj
f:\opengl\mygame\test\wpfunmanagedopengl\openglcsgame\debug\window.obj
f:\opengl\mygame\test\wpfunmanagedopengl\openglcsgame\debug\tweener.obj
f:\opengl\mygame\test\wpfunmanagedopengl\openglcsgame\debug\tween.obj
f:\opengl\mygame\test\wpfunmanagedopengl\openglcsgame\debug\time.obj
f:\opengl\mygame\test\wpfunmanagedopengl\openglcsgame\debug\texturecube.obj
f:\opengl\mygame\test\wpfunmanagedopengl\openglcsgame\debug\stb_image.obj
f:\opengl\mygame\test\wpfunmanagedopengl\openglcsgame\debug\schedulecommand.obj
f:\opengl\mygame\test\wpfunmanagedopengl\openglcsgame\debug\scenedll.obj
f:\opengl\mygame\test\wpfunmanagedopengl\openglcsgame\debug\scene.obj
f:\opengl\mygame\test\wpfunmanagedopengl\openglcsgame\debug\texture.obj
f:\opengl\mygame\test\wpfunmanagedopengl\openglcsgame\debug\resourcemanager.obj
f:\opengl\mygame\test\wpfunmanagedopengl\openglcsgame\debug\shader.obj
f:\opengl\mygame\test\wpfunmanagedopengl\openglcsgame\debug\bonemesh.obj
f:\opengl\mygame\test\wpfunmanagedopengl\openglcsgame\debug\material.obj
f:\opengl\mygame\test\wpfunmanagedopengl\openglcsgame\debug\rendertarget.obj
f:\opengl\mygame\test\wpfunmanagedopengl\openglcsgame\debug\main.obj
f:\opengl\mygame\test\wpfunmanagedopengl\openglcsgame\debug\guid.obj
f:\opengl\mygame\test\wpfunmanagedopengl\openglcsgame\debug\interfacebase.obj
f:\opengl\mygame\test\wpfunmanagedopengl\openglcsgame\debug\openglcsgame.res
f:\opengl\mygame\test\wpfunmanagedopengl\openglcsgame\debug\openglcsgame1.res
f:\opengl\mygame\test\wpfunmanagedopengl\openglcsgame\debug\openglcsgame.tlog\cl.command.1.tlog
f:\opengl\mygame\test\wpfunmanagedopengl\openglcsgame\debug\openglcsgame.tlog\cl.read.1.tlog
f:\opengl\mygame\test\wpfunmanagedopengl\openglcsgame\debug\openglcsgame.tlog\cl.write.1.tlog
f:\opengl\mygame\test\wpfunmanagedopengl\openglcsgame\debug\openglcsgame.tlog\link-cvtres.read.1.tlog
f:\opengl\mygame\test\wpfunmanagedopengl\openglcsgame\debug\openglcsgame.tlog\link-cvtres.write.1.tlog
f:\opengl\mygame\test\wpfunmanagedopengl\openglcsgame\debug\openglcsgame.tlog\link-rc.read.1.tlog
f:\opengl\mygame\test\wpfunmanagedopengl\openglcsgame\debug\openglcsgame.tlog\link-rc.write.1.tlog
f:\opengl\mygame\test\wpfunmanagedopengl\openglcsgame\debug\openglcsgame.tlog\link.command.1.tlog
f:\opengl\mygame\test\wpfunmanagedopengl\openglcsgame\debug\openglcsgame.tlog\link.read.1.tlog
f:\opengl\mygame\test\wpfunmanagedopengl\openglcsgame\debug\openglcsgame.tlog\link.write.1.tlog
f:\opengl\mygame\test\wpfunmanagedopengl\openglcsgame\debug\openglcsgame.tlog\rc.command.1.tlog
f:\opengl\mygame\test\wpfunmanagedopengl\openglcsgame\debug\openglcsgame.tlog\rc.read.1.tlog
f:\opengl\mygame\test\wpfunmanagedopengl\openglcsgame\debug\openglcsgame.tlog\rc.write.1.tlog
