f:\opengl\mygame\test\wpfunmanagedopengl\openglcsgame\x64\debug\vc142.pdb
f:\opengl\mygame\test\wpfunmanagedopengl\openglcsgame\x64\debug\vc142.idb
f:\opengl\mygame\test\wpfunmanagedopengl\openglcsgame\x64\debug\glad.obj
f:\opengl\mygame\test\wpfunmanagedopengl\openglcsgame\x64\debug\time.obj
f:\opengl\mygame\test\wpfunmanagedopengl\openglcsgame\x64\debug\texture.obj
f:\opengl\mygame\test\wpfunmanagedopengl\openglcsgame\x64\debug\stb_image.obj
f:\opengl\mygame\test\wpfunmanagedopengl\openglcsgame\x64\debug\shader.obj
f:\opengl\mygame\test\wpfunmanagedopengl\openglcsgame\x64\debug\schedulecommand.obj
f:\opengl\mygame\test\wpfunmanagedopengl\openglcsgame\x64\debug\resourcemanager.obj
f:\opengl\mygame\test\wpfunmanagedopengl\openglcsgame\x64\debug\main.obj
f:\opengl\mygame\test\wpfunmanagedopengl\openglcsgame\x64\debug\guid.obj
f:\opengl\mygame\test\wpfunmanagedopengl\openglcsgame\x64\debug\scene.obj
f:\opengl\mygame\test\wpfunmanagedopengl\openglcsgame\x64\debug\movecomponent.obj
f:\opengl\mygame\test\wpfunmanagedopengl\openglcsgame\x64\debug\modelcomponent.obj
f:\opengl\mygame\test\wpfunmanagedopengl\openglcsgame\x64\debug\mesh.obj
f:\opengl\mygame\test\wpfunmanagedopengl\openglcsgame\x64\debug\interfacebase.obj
f:\opengl\mygame\test\wpfunmanagedopengl\openglcsgame\x64\debug\input.obj
f:\opengl\mygame\test\wpfunmanagedopengl\openglcsgame\x64\debug\gameobject.obj
f:\opengl\mygame\test\wpfunmanagedopengl\openglcsgame\x64\debug\eventcenter.obj
f:\opengl\mygame\test\wpfunmanagedopengl\openglcsgame\x64\debug\cubemeshcomponent.obj
f:\opengl\mygame\test\wpfunmanagedopengl\openglcsgame\x64\debug\component.obj
f:\opengl\mygame\test\wpfunmanagedopengl\openglcsgame\x64\debug\cameracomponent.obj
f:\opengl\mygame\test\wpfunmanagedopengl\openglcsgame\x64\debug\camera.obj
f:\opengl\mygame\test\wpfunmanagedopengl\openglcsgame\x64\debug\window.obj
f:\opengl\mygame\test\wpfunmanagedopengl\openglcsgame\x64\debug\tweener.obj
f:\opengl\mygame\test\wpfunmanagedopengl\openglcsgame\x64\debug\tween.obj
f:\opengl\mygame\test\wpfunmanagedopengl\openglcsgame\x64\debug\transform.obj
f:\opengl\mygame\test\wpfunmanagedopengl\openglcsgame\x64\debug\openglcsgame.ilk
f:\opengl\mygame\test\wpfunmanagedopengl\x64\debug\openglcsgame.dll
f:\opengl\mygame\test\wpfunmanagedopengl\x64\debug\openglcsgame.pdb
f:\opengl\mygame\test\wpfunmanagedopengl\x64\debug\openglcsgame.lib
f:\opengl\mygame\test\wpfunmanagedopengl\x64\debug\openglcsgame.exp
f:\opengl\mygame\test\wpfunmanagedopengl\openglcsgame\x64\debug\openglcsgame.res
f:\opengl\mygame\test\wpfunmanagedopengl\openglcsgame\x64\debug\openglcsgame.tlog\cl.command.1.tlog
f:\opengl\mygame\test\wpfunmanagedopengl\openglcsgame\x64\debug\openglcsgame.tlog\cl.read.1.tlog
f:\opengl\mygame\test\wpfunmanagedopengl\openglcsgame\x64\debug\openglcsgame.tlog\cl.write.1.tlog
f:\opengl\mygame\test\wpfunmanagedopengl\openglcsgame\x64\debug\openglcsgame.tlog\link.command.1.tlog
f:\opengl\mygame\test\wpfunmanagedopengl\openglcsgame\x64\debug\openglcsgame.tlog\link.read.1.tlog
f:\opengl\mygame\test\wpfunmanagedopengl\openglcsgame\x64\debug\openglcsgame.tlog\link.write.1.tlog
f:\opengl\mygame\test\wpfunmanagedopengl\openglcsgame\x64\debug\openglcsgame.tlog\openglcsgame.write.1u.tlog
f:\opengl\mygame\test\wpfunmanagedopengl\openglcsgame\x64\debug\openglcsgame.tlog\rc.command.1.tlog
f:\opengl\mygame\test\wpfunmanagedopengl\openglcsgame\x64\debug\openglcsgame.tlog\rc.read.1.tlog
f:\opengl\mygame\test\wpfunmanagedopengl\openglcsgame\x64\debug\openglcsgame.tlog\rc.write.1.tlog
